<?xml version="1.0" encoding="UTF-8"?>
<!-- Generated by org.testng.reporters.JUnitXMLReporter -->
<testsuite hostname="THBSGGNLPT-158" ignored="0" name="Test" tests="2" failures="1" timestamp="2021-07-30T16:11:45 IST" time="106.679" errors="0">
  <testcase name="getspicestyleheadervalidation" time="48.698" classname="testCases.SpicestyleheaderTest"/>
  <testcase name="ticktBooking" time="0.03" classname="testCases.BookingTest">
    <failure type="java.lang.AssertionError" message="expected [chaitra] but found [SpiceJet - Flight Booking for Domestic and International, Cheap Air Tickets]">
      <![CDATA[java.lang.AssertionError: expected [chaitra] but found [SpiceJet - Flight Booking for Domestic and International, Cheap Air Tickets]
at testCases.BookingTest.ticktBooking(BookingTest.java:37)
at java.util.ArrayList.forEach(Unknown Source)
... Removed 34 stack frames]]>
    </failure>
  </testcase> <!-- ticktBooking -->
</testsuite> <!-- Test -->
